<?xml version="1.0" encoding="UTF-8"?>
<!-- Generated by org.testng.reporters.JUnitXMLReporter -->
<testsuite hostname="PravssLappy" ignored="0" name="Default test" tests="6" failures="0" timestamp="09 Jul 2019 09:03:28 GMT" time="70.542" errors="0">
  <testcase name="loginPageTitleTest" time="0.026" classname="com.crm.qa.testcases.LoginPageTest"/>
  <testcase name="emailFieldExistTest" time="0.092" classname="com.crm.qa.testcases.LoginPageTest"/>
  <testcase name="passwordFieldExistTest" time="0.116" classname="com.crm.qa.testcases.LoginPageTest"/>
  <testcase name="loginButtonExist" time="0.068" classname="com.crm.qa.testcases.LoginPageTest"/>
  <testcase name="clikForgotLinkTest" time="3.14" classname="com.crm.qa.testcases.LoginPageTest"/>
  <testcase name="clickSignUpLinkTest" time="4.408" classname="com.crm.qa.testcases.LoginPageTest"/>
</testsuite> <!-- Default test -->
